2025-05-26 20:24:53,858,strategy_builder.Trend Following Strategy,INFO,Initialized Trend Following Strategy
2025-05-26 20:24:53,859,strategy_builder.Trend Following Strategy,INFO,Configuration: {'analysis_days': 5, 'volume_avg_days': 20, 'volume_threshold': 1.2, 'trend_method': 'simple', 'min_slope': 0.01, 'min_positive_days': 3, 'ma_period': 5, 'min_r_squared': 0.7, 'linear_min_slope': 0.02, 'output_format': 'console', 'output_file': 'trend_following_results.csv', 'log_level': 'INFO', 'detailed_output': True}
2025-05-26 20:24:53,859,strategy_builder.Trend Following Strategy,INFO,Analyzing 30 stocks
2025-05-26 20:24:53,859,strategy_builder.Trend Following Strategy,INFO,Starting daily trend following screening...
2025-05-26 20:24:53,861,strategy_builder.Trend Following Strategy,INFO,Analyzing AAPL...
2025-05-26 20:24:54,280,strategy_builder.Trend Following Strategy,INFO,Analyzing MSFT...
2025-05-26 20:24:54,374,strategy_builder.Trend Following Strategy,INFO,Analyzing GOOGL...
2025-05-26 20:24:54,462,strategy_builder.Trend Following Strategy,INFO,Analyzing AMZN...
2025-05-26 20:24:54,552,strategy_builder.Trend Following Strategy,INFO,Analyzing TSLA...
2025-05-26 20:24:54,640,strategy_builder.Trend Following Strategy,INFO,Analyzing META...
2025-05-26 20:24:54,728,strategy_builder.Trend Following Strategy,INFO,Analyzing NVDA...
2025-05-26 20:24:54,815,strategy_builder.Trend Following Strategy,INFO,Analyzing NFLX...
2025-05-26 20:24:54,905,strategy_builder.Trend Following Strategy,INFO,Analyzing AMD...
2025-05-26 20:24:54,994,strategy_builder.Trend Following Strategy,INFO,Analyzing CRM...
2025-05-26 20:24:55,082,strategy_builder.Trend Following Strategy,INFO,Analyzing JPM...
2025-05-26 20:24:55,171,strategy_builder.Trend Following Strategy,INFO,Analyzing BAC...
2025-05-26 20:24:55,257,strategy_builder.Trend Following Strategy,INFO,Analyzing WFC...
2025-05-26 20:24:55,346,strategy_builder.Trend Following Strategy,INFO,Analyzing GS...
2025-05-26 20:24:55,434,strategy_builder.Trend Following Strategy,INFO,Analyzing MS...
2025-05-26 20:24:55,524,strategy_builder.Trend Following Strategy,INFO,Analyzing JNJ...
2025-05-26 20:24:55,614,strategy_builder.Trend Following Strategy,INFO,Analyzing PFE...
2025-05-26 20:24:55,703,strategy_builder.Trend Following Strategy,INFO,Analyzing UNH...
2025-05-26 20:24:55,796,strategy_builder.Trend Following Strategy,INFO,Analyzing ABBV...
2025-05-26 20:24:55,888,strategy_builder.Trend Following Strategy,INFO,Analyzing MRK...
2025-05-26 20:24:55,979,strategy_builder.Trend Following Strategy,INFO,Analyzing KO...
2025-05-26 20:24:56,067,strategy_builder.Trend Following Strategy,INFO,Analyzing PEP...
2025-05-26 20:24:56,154,strategy_builder.Trend Following Strategy,INFO,Analyzing WMT...
2025-05-26 20:24:56,243,strategy_builder.Trend Following Strategy,INFO,Analyzing HD...
2025-05-26 20:24:56,333,strategy_builder.Trend Following Strategy,INFO,Analyzing MCD...
2025-05-26 20:24:56,422,strategy_builder.Trend Following Strategy,INFO,Analyzing BA...
2025-05-26 20:24:56,530,strategy_builder.Trend Following Strategy,INFO,Analyzing CAT...
2025-05-26 20:24:56,618,strategy_builder.Trend Following Strategy,INFO,Analyzing GE...
2025-05-26 20:24:56,707,strategy_builder.Trend Following Strategy,INFO,Analyzing MMM...
2025-05-26 20:24:56,794,strategy_builder.Trend Following Strategy,INFO,Analyzing UPS...
2025-05-26 20:24:56,882,strategy_builder.Trend Following Strategy,INFO,Screening complete. 0 out of 30 stocks qualify for trend following.
